<?xml version="1.0" encoding="UTF-8"?>
<testsuite xmlns:xsi="http://www.w3.org/2001/XMLSchema-instance" xsi:noNamespaceSchemaLocation="https://maven.apache.org/surefire/maven-surefire-plugin/xsd/surefire-test-report.xsd" name="com.example.webtest.service.TestSqlServiceTest" time="6.954" tests="2" errors="1" skipped="0" failures="0">
  <properties>
    <property name="sun.desktop" value="windows"/>
    <property name="awt.toolkit" value="sun.awt.windows.WToolkit"/>
    <property name="file.encoding.pkg" value="sun.io"/>
    <property name="java.specification.version" value="1.8"/>
    <property name="sun.cpu.isalist" value="amd64"/>
    <property name="sun.jnu.encoding" value="GBK"/>
    <property name="java.class.path" value="D:\Work_space\Test-Daily\web-test\target\test-classes;D:\Work_space\Test-Daily\web-test\target\classes;D:\Work\Maven_Repository\org\springframework\boot\spring-boot-starter\2.2.5.RELEASE\spring-boot-starter-2.2.5.RELEASE.jar;D:\Work\Maven_Repository\org\springframework\boot\spring-boot\2.2.5.RELEASE\spring-boot-2.2.5.RELEASE.jar;D:\Work\Maven_Repository\org\springframework\spring-context\5.2.4.RELEASE\spring-context-5.2.4.RELEASE.jar;D:\Work\Maven_Repository\org\springframework\boot\spring-boot-autoconfigure\2.2.5.RELEASE\spring-boot-autoconfigure-2.2.5.RELEASE.jar;D:\Work\Maven_Repository\org\springframework\boot\spring-boot-starter-logging\2.2.5.RELEASE\spring-boot-starter-logging-2.2.5.RELEASE.jar;D:\Work\Maven_Repository\ch\qos\logback\logback-classic\1.2.3\logback-classic-1.2.3.jar;D:\Work\Maven_Repository\ch\qos\logback\logback-core\1.2.3\logback-core-1.2.3.jar;D:\Work\Maven_Repository\org\apache\logging\log4j\log4j-to-slf4j\2.12.1\log4j-to-slf4j-2.12.1.jar;D:\Work\Maven_Repository\org\apache\logging\log4j\log4j-api\2.12.1\log4j-api-2.12.1.jar;D:\Work\Maven_Repository\org\slf4j\jul-to-slf4j\1.7.30\jul-to-slf4j-1.7.30.jar;D:\Work\Maven_Repository\jakarta\annotation\jakarta.annotation-api\1.3.5\jakarta.annotation-api-1.3.5.jar;D:\Work\Maven_Repository\org\springframework\spring-core\5.2.4.RELEASE\spring-core-5.2.4.RELEASE.jar;D:\Work\Maven_Repository\org\springframework\spring-jcl\5.2.4.RELEASE\spring-jcl-5.2.4.RELEASE.jar;D:\Work\Maven_Repository\org\yaml\snakeyaml\1.25\snakeyaml-1.25.jar;D:\Work\Maven_Repository\org\springframework\boot\spring-boot-starter-web\2.2.5.RELEASE\spring-boot-starter-web-2.2.5.RELEASE.jar;D:\Work\Maven_Repository\org\springframework\boot\spring-boot-starter-json\2.2.5.RELEASE\spring-boot-starter-json-2.2.5.RELEASE.jar;D:\Work\Maven_Repository\com\fasterxml\jackson\core\jackson-databind\2.10.2\jackson-databind-2.10.2.jar;D:\Work\Maven_Repository\com\fasterxml\jackson\core\jackson-core\2.10.2\jackson-core-2.10.2.jar;D:\Work\Maven_Repository\com\fasterxml\jackson\datatype\jackson-datatype-jdk8\2.10.2\jackson-datatype-jdk8-2.10.2.jar;D:\Work\Maven_Repository\com\fasterxml\jackson\datatype\jackson-datatype-jsr310\2.10.2\jackson-datatype-jsr310-2.10.2.jar;D:\Work\Maven_Repository\com\fasterxml\jackson\module\jackson-module-parameter-names\2.10.2\jackson-module-parameter-names-2.10.2.jar;D:\Work\Maven_Repository\org\springframework\boot\spring-boot-starter-tomcat\2.2.5.RELEASE\spring-boot-starter-tomcat-2.2.5.RELEASE.jar;D:\Work\Maven_Repository\org\apache\tomcat\embed\tomcat-embed-core\9.0.31\tomcat-embed-core-9.0.31.jar;D:\Work\Maven_Repository\org\apache\tomcat\embed\tomcat-embed-el\9.0.31\tomcat-embed-el-9.0.31.jar;D:\Work\Maven_Repository\org\apache\tomcat\embed\tomcat-embed-websocket\9.0.31\tomcat-embed-websocket-9.0.31.jar;D:\Work\Maven_Repository\org\springframework\boot\spring-boot-starter-validation\2.2.5.RELEASE\spring-boot-starter-validation-2.2.5.RELEASE.jar;D:\Work\Maven_Repository\jakarta\validation\jakarta.validation-api\2.0.2\jakarta.validation-api-2.0.2.jar;D:\Work\Maven_Repository\org\hibernate\validator\hibernate-validator\6.0.18.Final\hibernate-validator-6.0.18.Final.jar;D:\Work\Maven_Repository\org\springframework\spring-web\5.2.4.RELEASE\spring-web-5.2.4.RELEASE.jar;D:\Work\Maven_Repository\org\springframework\spring-beans\5.2.4.RELEASE\spring-beans-5.2.4.RELEASE.jar;D:\Work\Maven_Repository\org\springframework\spring-webmvc\5.2.4.RELEASE\spring-webmvc-5.2.4.RELEASE.jar;D:\Work\Maven_Repository\org\springframework\spring-aop\5.2.4.RELEASE\spring-aop-5.2.4.RELEASE.jar;D:\Work\Maven_Repository\org\springframework\spring-expression\5.2.4.RELEASE\spring-expression-5.2.4.RELEASE.jar;D:\Work\Maven_Repository\org\springframework\boot\spring-boot-starter-freemarker\2.2.5.RELEASE\spring-boot-starter-freemarker-2.2.5.RELEASE.jar;D:\Work\Maven_Repository\org\freemarker\freemarker\2.3.29\freemarker-2.3.29.jar;D:\Work\Maven_Repository\org\springframework\spring-context-support\5.2.4.RELEASE\spring-context-support-5.2.4.RELEASE.jar;D:\Work\Maven_Repository\org\springframework\boot\spring-boot-starter-test\2.2.5.RELEASE\spring-boot-starter-test-2.2.5.RELEASE.jar;D:\Work\Maven_Repository\org\springframework\boot\spring-boot-test\2.2.5.RELEASE\spring-boot-test-2.2.5.RELEASE.jar;D:\Work\Maven_Repository\org\springframework\boot\spring-boot-test-autoconfigure\2.2.5.RELEASE\spring-boot-test-autoconfigure-2.2.5.RELEASE.jar;D:\Work\Maven_Repository\com\jayway\jsonpath\json-path\2.4.0\json-path-2.4.0.jar;D:\Work\Maven_Repository\net\minidev\json-smart\2.3\json-smart-2.3.jar;D:\Work\Maven_Repository\net\minidev\accessors-smart\1.2\accessors-smart-1.2.jar;D:\Work\Maven_Repository\org\ow2\asm\asm\5.0.4\asm-5.0.4.jar;D:\Work\Maven_Repository\jakarta\xml\bind\jakarta.xml.bind-api\2.3.2\jakarta.xml.bind-api-2.3.2.jar;D:\Work\Maven_Repository\org\junit\jupiter\junit-jupiter\5.5.2\junit-jupiter-5.5.2.jar;D:\Work\Maven_Repository\org\junit\jupiter\junit-jupiter-api\5.5.2\junit-jupiter-api-5.5.2.jar;D:\Work\Maven_Repository\org\opentest4j\opentest4j\1.2.0\opentest4j-1.2.0.jar;D:\Work\Maven_Repository\org\junit\platform\junit-platform-commons\1.5.2\junit-platform-commons-1.5.2.jar;D:\Work\Maven_Repository\org\junit\jupiter\junit-jupiter-params\5.5.2\junit-jupiter-params-5.5.2.jar;D:\Work\Maven_Repository\org\junit\jupiter\junit-jupiter-engine\5.5.2\junit-jupiter-engine-5.5.2.jar;D:\Work\Maven_Repository\org\junit\vintage\junit-vintage-engine\5.5.2\junit-vintage-engine-5.5.2.jar;D:\Work\Maven_Repository\org\apiguardian\apiguardian-api\1.1.0\apiguardian-api-1.1.0.jar;D:\Work\Maven_Repository\org\junit\platform\junit-platform-engine\1.5.2\junit-platform-engine-1.5.2.jar;D:\Work\Maven_Repository\junit\junit\4.12\junit-4.12.jar;D:\Work\Maven_Repository\org\mockito\mockito-junit-jupiter\3.1.0\mockito-junit-jupiter-3.1.0.jar;D:\Work\Maven_Repository\org\assertj\assertj-core\3.13.2\assertj-core-3.13.2.jar;D:\Work\Maven_Repository\org\hamcrest\hamcrest\2.1\hamcrest-2.1.jar;D:\Work\Maven_Repository\org\mockito\mockito-core\3.1.0\mockito-core-3.1.0.jar;D:\Work\Maven_Repository\net\bytebuddy\byte-buddy\1.10.8\byte-buddy-1.10.8.jar;D:\Work\Maven_Repository\net\bytebuddy\byte-buddy-agent\1.10.8\byte-buddy-agent-1.10.8.jar;D:\Work\Maven_Repository\org\objenesis\objenesis\2.6\objenesis-2.6.jar;D:\Work\Maven_Repository\org\skyscreamer\jsonassert\1.5.0\jsonassert-1.5.0.jar;D:\Work\Maven_Repository\com\vaadin\external\google\android-json\0.0.20131108.vaadin1\android-json-0.0.20131108.vaadin1.jar;D:\Work\Maven_Repository\org\springframework\spring-test\5.2.4.RELEASE\spring-test-5.2.4.RELEASE.jar;D:\Work\Maven_Repository\org\xmlunit\xmlunit-core\2.6.3\xmlunit-core-2.6.3.jar;D:\Work\Maven_Repository\org\mybatis\spring\boot\mybatis-spring-boot-starter\2.1.1\mybatis-spring-boot-starter-2.1.1.jar;D:\Work\Maven_Repository\org\mybatis\spring\boot\mybatis-spring-boot-autoconfigure\2.1.1\mybatis-spring-boot-autoconfigure-2.1.1.jar;D:\Work\Maven_Repository\org\mybatis\mybatis\3.5.3\mybatis-3.5.3.jar;D:\Work\Maven_Repository\org\mybatis\mybatis-spring\2.0.3\mybatis-spring-2.0.3.jar;D:\Work\Maven_Repository\org\springframework\boot\spring-boot-starter-jdbc\2.2.5.RELEASE\spring-boot-starter-jdbc-2.2.5.RELEASE.jar;D:\Work\Maven_Repository\com\zaxxer\HikariCP\3.4.2\HikariCP-3.4.2.jar;D:\Work\Maven_Repository\org\springframework\spring-jdbc\5.2.4.RELEASE\spring-jdbc-5.2.4.RELEASE.jar;D:\Work\Maven_Repository\org\springframework\spring-tx\5.2.4.RELEASE\spring-tx-5.2.4.RELEASE.jar;D:\Work\Maven_Repository\mysql\mysql-connector-java\5.1.21\mysql-connector-java-5.1.21.jar;D:\Work\Maven_Repository\com\alibaba\druid\1.1.14\druid-1.1.14.jar;D:\Work\Maven_Repository\org\springframework\boot\spring-boot-starter-data-jpa\2.2.5.RELEASE\spring-boot-starter-data-jpa-2.2.5.RELEASE.jar;D:\Work\Maven_Repository\org\springframework\boot\spring-boot-starter-aop\2.2.5.RELEASE\spring-boot-starter-aop-2.2.5.RELEASE.jar;D:\Work\Maven_Repository\org\aspectj\aspectjweaver\1.9.5\aspectjweaver-1.9.5.jar;D:\Work\Maven_Repository\jakarta\activation\jakarta.activation-api\1.2.2\jakarta.activation-api-1.2.2.jar;D:\Work\Maven_Repository\jakarta\persistence\jakarta.persistence-api\2.2.3\jakarta.persistence-api-2.2.3.jar;D:\Work\Maven_Repository\jakarta\transaction\jakarta.transaction-api\1.3.3\jakarta.transaction-api-1.3.3.jar;D:\Work\Maven_Repository\org\hibernate\hibernate-core\5.4.12.Final\hibernate-core-5.4.12.Final.jar;D:\Work\Maven_Repository\org\jboss\logging\jboss-logging\3.4.1.Final\jboss-logging-3.4.1.Final.jar;D:\Work\Maven_Repository\org\javassist\javassist\3.24.0-GA\javassist-3.24.0-GA.jar;D:\Work\Maven_Repository\antlr\antlr\2.7.7\antlr-2.7.7.jar;D:\Work\Maven_Repository\org\jboss\jandex\2.1.1.Final\jandex-2.1.1.Final.jar;D:\Work\Maven_Repository\org\dom4j\dom4j\2.1.1\dom4j-2.1.1.jar;D:\Work\Maven_Repository\org\hibernate\common\hibernate-commons-annotations\5.1.0.Final\hibernate-commons-annotations-5.1.0.Final.jar;D:\Work\Maven_Repository\org\glassfish\jaxb\jaxb-runtime\2.3.2\jaxb-runtime-2.3.2.jar;D:\Work\Maven_Repository\org\glassfish\jaxb\txw2\2.3.2\txw2-2.3.2.jar;D:\Work\Maven_Repository\com\sun\istack\istack-commons-runtime\3.0.8\istack-commons-runtime-3.0.8.jar;D:\Work\Maven_Repository\org\jvnet\staxex\stax-ex\1.8.1\stax-ex-1.8.1.jar;D:\Work\Maven_Repository\com\sun\xml\fastinfoset\FastInfoset\1.2.16\FastInfoset-1.2.16.jar;D:\Work\Maven_Repository\org\springframework\data\spring-data-jpa\2.2.5.RELEASE\spring-data-jpa-2.2.5.RELEASE.jar;D:\Work\Maven_Repository\org\springframework\data\spring-data-commons\2.2.5.RELEASE\spring-data-commons-2.2.5.RELEASE.jar;D:\Work\Maven_Repository\org\springframework\spring-orm\5.2.4.RELEASE\spring-orm-5.2.4.RELEASE.jar;D:\Work\Maven_Repository\org\springframework\spring-aspects\5.2.4.RELEASE\spring-aspects-5.2.4.RELEASE.jar;D:\Work\Maven_Repository\com\alibaba\fastjson\1.2.67\fastjson-1.2.67.jar;D:\Work\Maven_Repository\javax\enterprise\cdi-api\1.2\cdi-api-1.2.jar;D:\Work\Maven_Repository\javax\el\javax.el-api\3.0.0\javax.el-api-3.0.0.jar;D:\Work\Maven_Repository\javax\interceptor\javax.interceptor-api\1.2\javax.interceptor-api-1.2.jar;D:\Work\Maven_Repository\javax\inject\javax.inject\1\javax.inject-1.jar;D:\Work\Maven_Repository\commons-lang\commons-lang\2.6\commons-lang-2.6.jar;D:\Work\Maven_Repository\io\springfox\springfox-swagger2\2.9.2\springfox-swagger2-2.9.2.jar;D:\Work\Maven_Repository\io\swagger\swagger-models\1.5.20\swagger-models-1.5.20.jar;D:\Work\Maven_Repository\com\fasterxml\jackson\core\jackson-annotations\2.10.2\jackson-annotations-2.10.2.jar;D:\Work\Maven_Repository\io\springfox\springfox-spi\2.9.2\springfox-spi-2.9.2.jar;D:\Work\Maven_Repository\io\springfox\springfox-core\2.9.2\springfox-core-2.9.2.jar;D:\Work\Maven_Repository\io\springfox\springfox-schema\2.9.2\springfox-schema-2.9.2.jar;D:\Work\Maven_Repository\io\springfox\springfox-swagger-common\2.9.2\springfox-swagger-common-2.9.2.jar;D:\Work\Maven_Repository\io\springfox\springfox-spring-web\2.9.2\springfox-spring-web-2.9.2.jar;D:\Work\Maven_Repository\com\google\guava\guava\20.0\guava-20.0.jar;D:\Work\Maven_Repository\com\fasterxml\classmate\1.5.1\classmate-1.5.1.jar;D:\Work\Maven_Repository\org\slf4j\slf4j-api\1.7.30\slf4j-api-1.7.30.jar;D:\Work\Maven_Repository\org\springframework\plugin\spring-plugin-core\1.2.0.RELEASE\spring-plugin-core-1.2.0.RELEASE.jar;D:\Work\Maven_Repository\org\springframework\plugin\spring-plugin-metadata\1.2.0.RELEASE\spring-plugin-metadata-1.2.0.RELEASE.jar;D:\Work\Maven_Repository\org\mapstruct\mapstruct\1.2.0.Final\mapstruct-1.2.0.Final.jar;D:\Work\Maven_Repository\io\springfox\springfox-swagger-ui\2.9.2\springfox-swagger-ui-2.9.2.jar;D:\Work\Maven_Repository\io\swagger\swagger-annotations\1.5.14\swagger-annotations-1.5.14.jar;D:\Work\Maven_Repository\org\springframework\boot\spring-boot-starter-thymeleaf\2.2.5.RELEASE\spring-boot-starter-thymeleaf-2.2.5.RELEASE.jar;D:\Work\Maven_Repository\org\thymeleaf\thymeleaf-spring5\3.0.11.RELEASE\thymeleaf-spring5-3.0.11.RELEASE.jar;D:\Work\Maven_Repository\org\thymeleaf\thymeleaf\3.0.11.RELEASE\thymeleaf-3.0.11.RELEASE.jar;D:\Work\Maven_Repository\org\attoparser\attoparser\2.0.5.RELEASE\attoparser-2.0.5.RELEASE.jar;D:\Work\Maven_Repository\org\unbescape\unbescape\1.1.6.RELEASE\unbescape-1.1.6.RELEASE.jar;D:\Work\Maven_Repository\org\thymeleaf\extras\thymeleaf-extras-java8time\3.0.4.RELEASE\thymeleaf-extras-java8time-3.0.4.RELEASE.jar;"/>
    <property name="java.vm.vendor" value="Oracle Corporation"/>
    <property name="sun.arch.data.model" value="64"/>
    <property name="user.variant" value=""/>
    <property name="java.vendor.url" value="http://java.oracle.com/"/>
    <property name="user.timezone" value="Asia/Shanghai"/>
    <property name="java.vm.specification.version" value="1.8"/>
    <property name="os.name" value="Windows 7"/>
    <property name="user.country" value="CN"/>
    <property name="sun.java.launcher" value="SUN_STANDARD"/>
    <property name="sun.boot.library.path" value="D:\Work\jdk1.8.0_181\jre\bin"/>
    <property name="sun.java.command" value="C:\Users\ADMINI~1\AppData\Local\Temp\surefire6325568133702178557\surefirebooter7201604474805602718.jar C:\Users\Administrator\AppData\Local\Temp\surefire6325568133702178557 2020-04-01T12-56-55_260-jvmRun1 surefire3676111960904562235tmp surefire_0658139420289169810tmp"/>
    <property name="surefire.test.class.path" value="D:\Work_space\Test-Daily\web-test\target\test-classes;D:\Work_space\Test-Daily\web-test\target\classes;D:\Work\Maven_Repository\org\springframework\boot\spring-boot-starter\2.2.5.RELEASE\spring-boot-starter-2.2.5.RELEASE.jar;D:\Work\Maven_Repository\org\springframework\boot\spring-boot\2.2.5.RELEASE\spring-boot-2.2.5.RELEASE.jar;D:\Work\Maven_Repository\org\springframework\spring-context\5.2.4.RELEASE\spring-context-5.2.4.RELEASE.jar;D:\Work\Maven_Repository\org\springframework\boot\spring-boot-autoconfigure\2.2.5.RELEASE\spring-boot-autoconfigure-2.2.5.RELEASE.jar;D:\Work\Maven_Repository\org\springframework\boot\spring-boot-starter-logging\2.2.5.RELEASE\spring-boot-starter-logging-2.2.5.RELEASE.jar;D:\Work\Maven_Repository\ch\qos\logback\logback-classic\1.2.3\logback-classic-1.2.3.jar;D:\Work\Maven_Repository\ch\qos\logback\logback-core\1.2.3\logback-core-1.2.3.jar;D:\Work\Maven_Repository\org\apache\logging\log4j\log4j-to-slf4j\2.12.1\log4j-to-slf4j-2.12.1.jar;D:\Work\Maven_Repository\org\apache\logging\log4j\log4j-api\2.12.1\log4j-api-2.12.1.jar;D:\Work\Maven_Repository\org\slf4j\jul-to-slf4j\1.7.30\jul-to-slf4j-1.7.30.jar;D:\Work\Maven_Repository\jakarta\annotation\jakarta.annotation-api\1.3.5\jakarta.annotation-api-1.3.5.jar;D:\Work\Maven_Repository\org\springframework\spring-core\5.2.4.RELEASE\spring-core-5.2.4.RELEASE.jar;D:\Work\Maven_Repository\org\springframework\spring-jcl\5.2.4.RELEASE\spring-jcl-5.2.4.RELEASE.jar;D:\Work\Maven_Repository\org\yaml\snakeyaml\1.25\snakeyaml-1.25.jar;D:\Work\Maven_Repository\org\springframework\boot\spring-boot-starter-web\2.2.5.RELEASE\spring-boot-starter-web-2.2.5.RELEASE.jar;D:\Work\Maven_Repository\org\springframework\boot\spring-boot-starter-json\2.2.5.RELEASE\spring-boot-starter-json-2.2.5.RELEASE.jar;D:\Work\Maven_Repository\com\fasterxml\jackson\core\jackson-databind\2.10.2\jackson-databind-2.10.2.jar;D:\Work\Maven_Repository\com\fasterxml\jackson\core\jackson-core\2.10.2\jackson-core-2.10.2.jar;D:\Work\Maven_Repository\com\fasterxml\jackson\datatype\jackson-datatype-jdk8\2.10.2\jackson-datatype-jdk8-2.10.2.jar;D:\Work\Maven_Repository\com\fasterxml\jackson\datatype\jackson-datatype-jsr310\2.10.2\jackson-datatype-jsr310-2.10.2.jar;D:\Work\Maven_Repository\com\fasterxml\jackson\module\jackson-module-parameter-names\2.10.2\jackson-module-parameter-names-2.10.2.jar;D:\Work\Maven_Repository\org\springframework\boot\spring-boot-starter-tomcat\2.2.5.RELEASE\spring-boot-starter-tomcat-2.2.5.RELEASE.jar;D:\Work\Maven_Repository\org\apache\tomcat\embed\tomcat-embed-core\9.0.31\tomcat-embed-core-9.0.31.jar;D:\Work\Maven_Repository\org\apache\tomcat\embed\tomcat-embed-el\9.0.31\tomcat-embed-el-9.0.31.jar;D:\Work\Maven_Repository\org\apache\tomcat\embed\tomcat-embed-websocket\9.0.31\tomcat-embed-websocket-9.0.31.jar;D:\Work\Maven_Repository\org\springframework\boot\spring-boot-starter-validation\2.2.5.RELEASE\spring-boot-starter-validation-2.2.5.RELEASE.jar;D:\Work\Maven_Repository\jakarta\validation\jakarta.validation-api\2.0.2\jakarta.validation-api-2.0.2.jar;D:\Work\Maven_Repository\org\hibernate\validator\hibernate-validator\6.0.18.Final\hibernate-validator-6.0.18.Final.jar;D:\Work\Maven_Repository\org\springframework\spring-web\5.2.4.RELEASE\spring-web-5.2.4.RELEASE.jar;D:\Work\Maven_Repository\org\springframework\spring-beans\5.2.4.RELEASE\spring-beans-5.2.4.RELEASE.jar;D:\Work\Maven_Repository\org\springframework\spring-webmvc\5.2.4.RELEASE\spring-webmvc-5.2.4.RELEASE.jar;D:\Work\Maven_Repository\org\springframework\spring-aop\5.2.4.RELEASE\spring-aop-5.2.4.RELEASE.jar;D:\Work\Maven_Repository\org\springframework\spring-expression\5.2.4.RELEASE\spring-expression-5.2.4.RELEASE.jar;D:\Work\Maven_Repository\org\springframework\boot\spring-boot-starter-freemarker\2.2.5.RELEASE\spring-boot-starter-freemarker-2.2.5.RELEASE.jar;D:\Work\Maven_Repository\org\freemarker\freemarker\2.3.29\freemarker-2.3.29.jar;D:\Work\Maven_Repository\org\springframework\spring-context-support\5.2.4.RELEASE\spring-context-support-5.2.4.RELEASE.jar;D:\Work\Maven_Repository\org\springframework\boot\spring-boot-starter-test\2.2.5.RELEASE\spring-boot-starter-test-2.2.5.RELEASE.jar;D:\Work\Maven_Repository\org\springframework\boot\spring-boot-test\2.2.5.RELEASE\spring-boot-test-2.2.5.RELEASE.jar;D:\Work\Maven_Repository\org\springframework\boot\spring-boot-test-autoconfigure\2.2.5.RELEASE\spring-boot-test-autoconfigure-2.2.5.RELEASE.jar;D:\Work\Maven_Repository\com\jayway\jsonpath\json-path\2.4.0\json-path-2.4.0.jar;D:\Work\Maven_Repository\net\minidev\json-smart\2.3\json-smart-2.3.jar;D:\Work\Maven_Repository\net\minidev\accessors-smart\1.2\accessors-smart-1.2.jar;D:\Work\Maven_Repository\org\ow2\asm\asm\5.0.4\asm-5.0.4.jar;D:\Work\Maven_Repository\jakarta\xml\bind\jakarta.xml.bind-api\2.3.2\jakarta.xml.bind-api-2.3.2.jar;D:\Work\Maven_Repository\org\junit\jupiter\junit-jupiter\5.5.2\junit-jupiter-5.5.2.jar;D:\Work\Maven_Repository\org\junit\jupiter\junit-jupiter-api\5.5.2\junit-jupiter-api-5.5.2.jar;D:\Work\Maven_Repository\org\opentest4j\opentest4j\1.2.0\opentest4j-1.2.0.jar;D:\Work\Maven_Repository\org\junit\platform\junit-platform-commons\1.5.2\junit-platform-commons-1.5.2.jar;D:\Work\Maven_Repository\org\junit\jupiter\junit-jupiter-params\5.5.2\junit-jupiter-params-5.5.2.jar;D:\Work\Maven_Repository\org\junit\jupiter\junit-jupiter-engine\5.5.2\junit-jupiter-engine-5.5.2.jar;D:\Work\Maven_Repository\org\junit\vintage\junit-vintage-engine\5.5.2\junit-vintage-engine-5.5.2.jar;D:\Work\Maven_Repository\org\apiguardian\apiguardian-api\1.1.0\apiguardian-api-1.1.0.jar;D:\Work\Maven_Repository\org\junit\platform\junit-platform-engine\1.5.2\junit-platform-engine-1.5.2.jar;D:\Work\Maven_Repository\junit\junit\4.12\junit-4.12.jar;D:\Work\Maven_Repository\org\mockito\mockito-junit-jupiter\3.1.0\mockito-junit-jupiter-3.1.0.jar;D:\Work\Maven_Repository\org\assertj\assertj-core\3.13.2\assertj-core-3.13.2.jar;D:\Work\Maven_Repository\org\hamcrest\hamcrest\2.1\hamcrest-2.1.jar;D:\Work\Maven_Repository\org\mockito\mockito-core\3.1.0\mockito-core-3.1.0.jar;D:\Work\Maven_Repository\net\bytebuddy\byte-buddy\1.10.8\byte-buddy-1.10.8.jar;D:\Work\Maven_Repository\net\bytebuddy\byte-buddy-agent\1.10.8\byte-buddy-agent-1.10.8.jar;D:\Work\Maven_Repository\org\objenesis\objenesis\2.6\objenesis-2.6.jar;D:\Work\Maven_Repository\org\skyscreamer\jsonassert\1.5.0\jsonassert-1.5.0.jar;D:\Work\Maven_Repository\com\vaadin\external\google\android-json\0.0.20131108.vaadin1\android-json-0.0.20131108.vaadin1.jar;D:\Work\Maven_Repository\org\springframework\spring-test\5.2.4.RELEASE\spring-test-5.2.4.RELEASE.jar;D:\Work\Maven_Repository\org\xmlunit\xmlunit-core\2.6.3\xmlunit-core-2.6.3.jar;D:\Work\Maven_Repository\org\mybatis\spring\boot\mybatis-spring-boot-starter\2.1.1\mybatis-spring-boot-starter-2.1.1.jar;D:\Work\Maven_Repository\org\mybatis\spring\boot\mybatis-spring-boot-autoconfigure\2.1.1\mybatis-spring-boot-autoconfigure-2.1.1.jar;D:\Work\Maven_Repository\org\mybatis\mybatis\3.5.3\mybatis-3.5.3.jar;D:\Work\Maven_Repository\org\mybatis\mybatis-spring\2.0.3\mybatis-spring-2.0.3.jar;D:\Work\Maven_Repository\org\springframework\boot\spring-boot-starter-jdbc\2.2.5.RELEASE\spring-boot-starter-jdbc-2.2.5.RELEASE.jar;D:\Work\Maven_Repository\com\zaxxer\HikariCP\3.4.2\HikariCP-3.4.2.jar;D:\Work\Maven_Repository\org\springframework\spring-jdbc\5.2.4.RELEASE\spring-jdbc-5.2.4.RELEASE.jar;D:\Work\Maven_Repository\org\springframework\spring-tx\5.2.4.RELEASE\spring-tx-5.2.4.RELEASE.jar;D:\Work\Maven_Repository\mysql\mysql-connector-java\5.1.21\mysql-connector-java-5.1.21.jar;D:\Work\Maven_Repository\com\alibaba\druid\1.1.14\druid-1.1.14.jar;D:\Work\Maven_Repository\org\springframework\boot\spring-boot-starter-data-jpa\2.2.5.RELEASE\spring-boot-starter-data-jpa-2.2.5.RELEASE.jar;D:\Work\Maven_Repository\org\springframework\boot\spring-boot-starter-aop\2.2.5.RELEASE\spring-boot-starter-aop-2.2.5.RELEASE.jar;D:\Work\Maven_Repository\org\aspectj\aspectjweaver\1.9.5\aspectjweaver-1.9.5.jar;D:\Work\Maven_Repository\jakarta\activation\jakarta.activation-api\1.2.2\jakarta.activation-api-1.2.2.jar;D:\Work\Maven_Repository\jakarta\persistence\jakarta.persistence-api\2.2.3\jakarta.persistence-api-2.2.3.jar;D:\Work\Maven_Repository\jakarta\transaction\jakarta.transaction-api\1.3.3\jakarta.transaction-api-1.3.3.jar;D:\Work\Maven_Repository\org\hibernate\hibernate-core\5.4.12.Final\hibernate-core-5.4.12.Final.jar;D:\Work\Maven_Repository\org\jboss\logging\jboss-logging\3.4.1.Final\jboss-logging-3.4.1.Final.jar;D:\Work\Maven_Repository\org\javassist\javassist\3.24.0-GA\javassist-3.24.0-GA.jar;D:\Work\Maven_Repository\antlr\antlr\2.7.7\antlr-2.7.7.jar;D:\Work\Maven_Repository\org\jboss\jandex\2.1.1.Final\jandex-2.1.1.Final.jar;D:\Work\Maven_Repository\org\dom4j\dom4j\2.1.1\dom4j-2.1.1.jar;D:\Work\Maven_Repository\org\hibernate\common\hibernate-commons-annotations\5.1.0.Final\hibernate-commons-annotations-5.1.0.Final.jar;D:\Work\Maven_Repository\org\glassfish\jaxb\jaxb-runtime\2.3.2\jaxb-runtime-2.3.2.jar;D:\Work\Maven_Repository\org\glassfish\jaxb\txw2\2.3.2\txw2-2.3.2.jar;D:\Work\Maven_Repository\com\sun\istack\istack-commons-runtime\3.0.8\istack-commons-runtime-3.0.8.jar;D:\Work\Maven_Repository\org\jvnet\staxex\stax-ex\1.8.1\stax-ex-1.8.1.jar;D:\Work\Maven_Repository\com\sun\xml\fastinfoset\FastInfoset\1.2.16\FastInfoset-1.2.16.jar;D:\Work\Maven_Repository\org\springframework\data\spring-data-jpa\2.2.5.RELEASE\spring-data-jpa-2.2.5.RELEASE.jar;D:\Work\Maven_Repository\org\springframework\data\spring-data-commons\2.2.5.RELEASE\spring-data-commons-2.2.5.RELEASE.jar;D:\Work\Maven_Repository\org\springframework\spring-orm\5.2.4.RELEASE\spring-orm-5.2.4.RELEASE.jar;D:\Work\Maven_Repository\org\springframework\spring-aspects\5.2.4.RELEASE\spring-aspects-5.2.4.RELEASE.jar;D:\Work\Maven_Repository\com\alibaba\fastjson\1.2.67\fastjson-1.2.67.jar;D:\Work\Maven_Repository\javax\enterprise\cdi-api\1.2\cdi-api-1.2.jar;D:\Work\Maven_Repository\javax\el\javax.el-api\3.0.0\javax.el-api-3.0.0.jar;D:\Work\Maven_Repository\javax\interceptor\javax.interceptor-api\1.2\javax.interceptor-api-1.2.jar;D:\Work\Maven_Repository\javax\inject\javax.inject\1\javax.inject-1.jar;D:\Work\Maven_Repository\commons-lang\commons-lang\2.6\commons-lang-2.6.jar;D:\Work\Maven_Repository\io\springfox\springfox-swagger2\2.9.2\springfox-swagger2-2.9.2.jar;D:\Work\Maven_Repository\io\swagger\swagger-models\1.5.20\swagger-models-1.5.20.jar;D:\Work\Maven_Repository\com\fasterxml\jackson\core\jackson-annotations\2.10.2\jackson-annotations-2.10.2.jar;D:\Work\Maven_Repository\io\springfox\springfox-spi\2.9.2\springfox-spi-2.9.2.jar;D:\Work\Maven_Repository\io\springfox\springfox-core\2.9.2\springfox-core-2.9.2.jar;D:\Work\Maven_Repository\io\springfox\springfox-schema\2.9.2\springfox-schema-2.9.2.jar;D:\Work\Maven_Repository\io\springfox\springfox-swagger-common\2.9.2\springfox-swagger-common-2.9.2.jar;D:\Work\Maven_Repository\io\springfox\springfox-spring-web\2.9.2\springfox-spring-web-2.9.2.jar;D:\Work\Maven_Repository\com\google\guava\guava\20.0\guava-20.0.jar;D:\Work\Maven_Repository\com\fasterxml\classmate\1.5.1\classmate-1.5.1.jar;D:\Work\Maven_Repository\org\slf4j\slf4j-api\1.7.30\slf4j-api-1.7.30.jar;D:\Work\Maven_Repository\org\springframework\plugin\spring-plugin-core\1.2.0.RELEASE\spring-plugin-core-1.2.0.RELEASE.jar;D:\Work\Maven_Repository\org\springframework\plugin\spring-plugin-metadata\1.2.0.RELEASE\spring-plugin-metadata-1.2.0.RELEASE.jar;D:\Work\Maven_Repository\org\mapstruct\mapstruct\1.2.0.Final\mapstruct-1.2.0.Final.jar;D:\Work\Maven_Repository\io\springfox\springfox-swagger-ui\2.9.2\springfox-swagger-ui-2.9.2.jar;D:\Work\Maven_Repository\io\swagger\swagger-annotations\1.5.14\swagger-annotations-1.5.14.jar;D:\Work\Maven_Repository\org\springframework\boot\spring-boot-starter-thymeleaf\2.2.5.RELEASE\spring-boot-starter-thymeleaf-2.2.5.RELEASE.jar;D:\Work\Maven_Repository\org\thymeleaf\thymeleaf-spring5\3.0.11.RELEASE\thymeleaf-spring5-3.0.11.RELEASE.jar;D:\Work\Maven_Repository\org\thymeleaf\thymeleaf\3.0.11.RELEASE\thymeleaf-3.0.11.RELEASE.jar;D:\Work\Maven_Repository\org\attoparser\attoparser\2.0.5.RELEASE\attoparser-2.0.5.RELEASE.jar;D:\Work\Maven_Repository\org\unbescape\unbescape\1.1.6.RELEASE\unbescape-1.1.6.RELEASE.jar;D:\Work\Maven_Repository\org\thymeleaf\extras\thymeleaf-extras-java8time\3.0.4.RELEASE\thymeleaf-extras-java8time-3.0.4.RELEASE.jar;"/>
    <property name="sun.cpu.endian" value="little"/>
    <property name="user.home" value="C:\Users\Administrator"/>
    <property name="user.language" value="zh"/>
    <property name="java.specification.vendor" value="Oracle Corporation"/>
    <property name="java.home" value="D:\Work\jdk1.8.0_181\jre"/>
    <property name="basedir" value="D:\Work_space\Test-Daily\web-test"/>
    <property name="file.separator" value="\"/>
    <property name="line.separator" value="&#10;"/>
    <property name="java.vm.specification.vendor" value="Oracle Corporation"/>
    <property name="java.specification.name" value="Java Platform API Specification"/>
    <property name="java.awt.graphicsenv" value="sun.awt.Win32GraphicsEnvironment"/>
    <property name="surefire.real.class.path" value="C:\Users\ADMINI~1\AppData\Local\Temp\surefire6325568133702178557\surefirebooter7201604474805602718.jar"/>
    <property name="sun.boot.class.path" value="D:\Work\jdk1.8.0_181\jre\lib\resources.jar;D:\Work\jdk1.8.0_181\jre\lib\rt.jar;D:\Work\jdk1.8.0_181\jre\lib\sunrsasign.jar;D:\Work\jdk1.8.0_181\jre\lib\jsse.jar;D:\Work\jdk1.8.0_181\jre\lib\jce.jar;D:\Work\jdk1.8.0_181\jre\lib\charsets.jar;D:\Work\jdk1.8.0_181\jre\lib\jfr.jar;D:\Work\jdk1.8.0_181\jre\classes"/>
    <property name="user.script" value=""/>
    <property name="sun.management.compiler" value="HotSpot 64-Bit Tiered Compilers"/>
    <property name="java.runtime.version" value="1.8.0_181-b13"/>
    <property name="user.name" value="Administrator"/>
    <property name="path.separator" value=";"/>
    <property name="os.version" value="6.1"/>
    <property name="java.endorsed.dirs" value="D:\Work\jdk1.8.0_181\jre\lib\endorsed"/>
    <property name="java.runtime.name" value="Java(TM) SE Runtime Environment"/>
    <property name="file.encoding" value="GBK"/>
    <property name="java.vm.name" value="Java HotSpot(TM) 64-Bit Server VM"/>
    <property name="localRepository" value="D:\Work\Maven_Repository"/>
    <property name="java.vendor.url.bug" value="http://bugreport.sun.com/bugreport/"/>
    <property name="java.io.tmpdir" value="C:\Users\ADMINI~1\AppData\Local\Temp\"/>
    <property name="java.version" value="1.8.0_181"/>
    <property name="user.dir" value="D:\Work_space\Test-Daily\web-test"/>
    <property name="os.arch" value="amd64"/>
    <property name="java.vm.specification.name" value="Java Virtual Machine Specification"/>
    <property name="java.awt.printerjob" value="sun.awt.windows.WPrinterJob"/>
    <property name="sun.os.patch.level" value="Service Pack 1"/>
    <property name="idea.version2019.3.3" value="true"/>
    <property name="java.library.path" value="D:\Work\jdk1.8.0_181\jre\bin;C:\Windows\Sun\Java\bin;C:\Windows\system32;C:\Windows;F:\Program\NetSarang\Xftp 6\;F:\Program\NetSarang\Xshell 6\;C:\Program Files (x86)\Common Files\Oracle\Java\javapath;C:\Windows\system32;C:\Windows;C:\Windows\System32\Wbem;C:\Windows\System32\WindowsPowerShell\v1.0\;C:\Program Files (x86)\Windows7Master;D:\Work\jdk1.8.0_181\bin;D:\Work\apache-maven-3.3.9\bin;D:\Work\MySQL Server 5.5\bin;D:\Work\mysql-5.7.23-winx64\bin;F:\Program\MySQL\MySQL Server 5.5\bin;D:\Work\svn\bin;F:\Program\Git\cmd;D:\Work\python\Scripts\;D:\Work\python\;D:\Work\CRT\;D:\Work\Fiddler;C:\Users\Administrator\AppData\Local\BypassRuntm;."/>
    <property name="java.vm.info" value="mixed mode"/>
    <property name="java.vendor" value="Oracle Corporation"/>
    <property name="java.vm.version" value="25.181-b13"/>
    <property name="java.ext.dirs" value="D:\Work\jdk1.8.0_181\jre\lib\ext;C:\Windows\Sun\Java\lib\ext"/>
    <property name="sun.io.unicode.encoding" value="UnicodeLittle"/>
    <property name="java.class.version" value="52.0"/>
  </properties>
  <testcase name="test1" classname="com.example.webtest.service.TestSqlServiceTest" time="0.16"/>
  <testcase name="testActiveSql" classname="com.example.webtest.service.TestSqlServiceTest" time="0.071">
    <error message="&#10;### Error updating database.  Cause: java.sql.SQLException: Field &apos;create_time&apos; doesn&apos;t have a default value&#10;### The error may exist in com/example/webtest/dao/TestMapper.java (best guess)&#10;### The error may involve defaultParameterMap&#10;### The error occurred while setting parameters&#10;### SQL: insert into apollo_electronic_invoice_shop (shop_name,identification_number,type)values (&apos;123&apos;,&apos;222&apos;,2);&#10;### Cause: java.sql.SQLException: Field &apos;create_time&apos; doesn&apos;t have a default value&#10;; Field &apos;create_time&apos; doesn&apos;t have a default value; nested exception is java.sql.SQLException: Field &apos;create_time&apos; doesn&apos;t have a default value" type="org.springframework.dao.DataIntegrityViolationException">org.springframework.dao.DataIntegrityViolationException: 

### Error updating database.  Cause: java.sql.SQLException: Field 'create_time' doesn't have a default value
### The error may exist in com/example/webtest/dao/TestMapper.java (best guess)
### The error may involve defaultParameterMap
### The error occurred while setting parameters
### SQL: insert into apollo_electronic_invoice_shop (shop_name,identification_number,type)values ('123','222',2);
### Cause: java.sql.SQLException: Field 'create_time' doesn't have a default value
; Field 'create_time' doesn't have a default value; nested exception is java.sql.SQLException: Field 'create_time' doesn't have a default value
	at com.example.webtest.service.TestSqlServiceTest.testActiveSql(TestSqlServiceTest.java:42)
Caused by: java.sql.SQLException: Field 'create_time' doesn't have a default value
	at com.example.webtest.service.TestSqlServiceTest.testActiveSql(TestSqlServiceTest.java:42)
</error>
    <system-out><![CDATA[12:57:07.545 logback-demo [main] DEBUG c.e.webtest.dao.TestMapper.insertDb - ==>  Preparing: insert into apollo_electronic_invoice_shop (shop_name,identification_number,type)values ('123','222',2); 
12:57:07.546 logback-demo [main] DEBUG c.e.webtest.dao.TestMapper.insertDb - ==> Parameters: 
]]></system-out>
  </testcase>
</testsuite>